2022-06-10T14:50:38.9114391Z ##[group]Run npm test
2022-06-10T14:50:38.9114988Z [36;1mnpm test[0m
2022-06-10T14:50:38.9234317Z shell: C:\Windows\System32\WindowsPowerShell\v1.0\powershell.EXE -command ". '{0}'"
2022-06-10T14:50:38.9235056Z ##[endgroup]
2022-06-10T14:50:40.4564393Z 
2022-06-10T14:50:40.4566704Z > basic-angular@0.0.0 test C:\WS\gitlab\basic-angular\actions-runner\_work\basic-angular\basic-angular
2022-06-10T14:50:40.4568325Z > ng test
2022-06-10T14:50:40.4568647Z 
2022-06-10T14:50:44.7160548Z - Generating browser application bundles (phase: setup)...
2022-06-10T14:50:53.2112603Z Compiling @angular/core/testing : es2015 as esm2015
2022-06-10T14:50:53.4435493Z Compiling @angular/platform-browser/testing : es2015 as esm2015
2022-06-10T14:50:53.6249438Z Compiling @angular/compiler/testing : es2015 as esm2015
2022-06-10T14:50:58.1004926Z Compiling @angular/common/testing : es2015 as esm2015
2022-06-10T14:50:59.6718491Z Compiling @angular/platform-browser-dynamic/testing : es2015 as esm2015
2022-06-10T14:50:59.9109642Z Compiling @angular/router/testing : es2015 as esm2015
2022-06-10T14:51:08.5228444Z 10 06 2022 17:51:08.513:WARN [karma]: No captured browser, open http://localhost:9876/
2022-06-10T14:51:08.5453665Z 10 06 2022 17:51:08.544:INFO [karma-server]: Karma v6.3.4 server started at http://localhost:9876/
2022-06-10T14:51:08.5456224Z 10 06 2022 17:51:08.544:INFO [launcher]: Launching browsers Chrome with concurrency unlimited
2022-06-10T14:51:08.5549413Z 10 06 2022 17:51:08.553:INFO [launcher]: Starting browser Chrome
2022-06-10T14:51:17.7590557Z ✔ Browser application bundle generation complete.
2022-06-10T14:51:18.4483050Z 10 06 2022 17:51:18.441:WARN [karma]: No captured browser, open http://localhost:9876/
2022-06-10T14:51:19.4132604Z ✔ Browser application bundle generation complete.
2022-06-10T14:51:19.4803786Z 10 06 2022 17:51:19.479:WARN [karma]: No captured browser, open http://localhost:9876/
2022-06-10T14:51:19.5560123Z 10 06 2022 17:51:19.554:INFO [Chrome 102.0.5005.115 (Windows 10)]: Connected on socket 4GjQnRpywqWQpNqcAAAB with id 39737812
2022-06-10T14:51:22.6141663Z Chrome 102.0.5005.115 (Windows 10): Executed 0 of 4[32m SUCCESS[39m (0 secs / 0 secs)
2022-06-10T14:51:22.8609231Z [1A[2K[31mChrome 102.0.5005.115 (Windows 10) ModalComponent should create FAILED[39m
2022-06-10T14:51:22.8611230Z 	NullInjectorError: R3InjectorError(DynamicTestModule)[MatDialogRef -> MatDialogRef]: 
2022-06-10T14:51:22.8612471Z 	  NullInjectorError: No provider for MatDialogRef!
2022-06-10T14:51:22.8614234Z 	error properties: Object({ ngTempTokenPath: null, ngTokenPath: [ 'MatDialogRef', 'MatDialogRef' ] })
2022-06-10T14:51:22.8616044Z 	NullInjectorError: R3InjectorError(DynamicTestModule)[MatDialogRef -> MatDialogRef]: 
2022-06-10T14:51:22.8617297Z 	  NullInjectorError: No provider for MatDialogRef!
2022-06-10T14:51:22.8618467Z 	    at NullInjector.get (node_modules/@angular/core/__ivy_ngcc__/fesm2015/core.js:11100:1)
2022-06-10T14:51:22.8620571Z 	    at R3Injector.get (node_modules/@angular/core/__ivy_ngcc__/fesm2015/core.js:11267:1)
2022-06-10T14:51:22.8621906Z 	    at R3Injector.get (node_modules/@angular/core/__ivy_ngcc__/fesm2015/core.js:11267:1)
2022-06-10T14:51:22.8623268Z 	    at NgModuleRef$1.get (node_modules/@angular/core/__ivy_ngcc__/fesm2015/core.js:25365:1)
2022-06-10T14:51:22.8624640Z 	    at Object.get (node_modules/@angular/core/__ivy_ngcc__/fesm2015/core.js:25079:1)
2022-06-10T14:51:22.8626083Z 	    at lookupTokenUsingModuleInjector (node_modules/@angular/core/__ivy_ngcc__/fesm2015/core.js:3342:1)
2022-06-10T14:51:22.8627514Z 	    at getOrCreateInjectable (node_modules/@angular/core/__ivy_ngcc__/fesm2015/core.js:3454:1)
2022-06-10T14:51:22.8631429Z 	    at ɵɵdirectiveInject (node_modules/@angular/core/__ivy_ngcc__/fesm2015/core.js:14736:1)
2022-06-10T14:51:22.8633662Z 	    at NodeInjectorFactory.ModalComponent_Factory [as factory] (ng:///ModalComponent/ɵfac.js:4:42)
2022-06-10T14:51:22.8635223Z 	    at getNodeInjectable (node_modules/@angular/core/__ivy_ngcc__/fesm2015/core.js:3549:1)
2022-06-10T14:51:22.8638377Z 	Error: Expected undefined to be truthy.
2022-06-10T14:51:22.8639186Z 	    at <Jasmine>
2022-06-10T14:51:22.8640270Z 	    at UserContext.<anonymous> (src/app/modal/modal.component.spec.ts:23:23)
2022-06-10T14:51:22.8641521Z 	    at ZoneDelegate.invoke (node_modules/zone.js/fesm2015/zone.js:372:1)
2022-06-10T14:51:22.8643585Z 	    at ProxyZoneSpec.onInvoke (node_modules/zone.js/fesm2015/zone-testing.js:287:1)
2022-06-10T14:51:22.8645514Z Chrome 102.0.5005.115 (Windows 10): Executed 1 of 4[31m (1 FAILED)[39m (0 secs / 0.213 secs)
2022-06-10T14:51:22.9676566Z [1A[2K[31mChrome 102.0.5005.115 (Windows 10) AppComponent should have as title 'basic-angular' FAILED[39m
2022-06-10T14:51:22.9678109Z 	NullInjectorError: R3InjectorError(DynamicTestModule)[MatDialog -> MatDialog]: 
2022-06-10T14:51:22.9678880Z 	  NullInjectorError: No provider for MatDialog!
2022-06-10T14:51:22.9679617Z 	error properties: Object({ ngTempTokenPath: null, ngTokenPath: [ 'MatDialog', 'MatDialog' ] })
2022-06-10T14:51:22.9680413Z 	NullInjectorError: R3InjectorError(DynamicTestModule)[MatDialog -> MatDialog]: 
2022-06-10T14:51:22.9680979Z 	  NullInjectorError: No provider for MatDialog!
2022-06-10T14:51:22.9681470Z 	    at NullInjector.get (node_modules/@angular/core/__ivy_ngcc__/fesm2015/core.js:11100:1)
2022-06-10T14:51:22.9703301Z 	    at R3Injector.get (node_modules/@angular/core/__ivy_ngcc__/fesm2015/core.js:11267:1)
2022-06-10T14:51:22.9704643Z 	    at R3Injector.get (node_modules/@angular/core/__ivy_ngcc__/fesm2015/core.js:11267:1)
2022-06-10T14:51:22.9705704Z 	    at NgModuleRef$1.get (node_modules/@angular/core/__ivy_ngcc__/fesm2015/core.js:25365:1)
2022-06-10T14:51:22.9706704Z 	    at Object.get (node_modules/@angular/core/__ivy_ngcc__/fesm2015/core.js:25079:1)
2022-06-10T14:51:22.9707838Z 	    at lookupTokenUsingModuleInjector (node_modules/@angular/core/__ivy_ngcc__/fesm2015/core.js:3342:1)
2022-06-10T14:51:22.9709123Z 	    at getOrCreateInjectable (node_modules/@angular/core/__ivy_ngcc__/fesm2015/core.js:3454:1)
2022-06-10T14:51:22.9710748Z 	    at ɵɵdirectiveInject (node_modules/@angular/core/__ivy_ngcc__/fesm2015/core.js:14736:1)
2022-06-10T14:51:22.9712235Z 	    at NodeInjectorFactory.AppComponent_Factory [as factory] (ng:///AppComponent/ɵfac.js:4:40)
2022-06-10T14:51:22.9713371Z 	    at getNodeInjectable (node_modules/@angular/core/__ivy_ngcc__/fesm2015/core.js:3549:1)
2022-06-10T14:51:22.9714910Z Chrome 102.0.5005.115 (Windows 10): Executed 2 of 4[31m (2 FAILED)[39m (0 secs / 0.316 secs)
2022-06-10T14:51:22.9759555Z [1A[2K[31mChrome 102.0.5005.115 (Windows 10) AppComponent should create the app FAILED[39m
2022-06-10T14:51:22.9761088Z 	NullInjectorError: R3InjectorError(DynamicTestModule)[MatDialog -> MatDialog]: 
2022-06-10T14:51:22.9761993Z 	  NullInjectorError: No provider for MatDialog!
2022-06-10T14:51:22.9763285Z 	error properties: Object({ ngTempTokenPath: null, ngTokenPath: [ 'MatDialog', 'MatDialog' ] })
2022-06-10T14:51:22.9764636Z 	NullInjectorError: R3InjectorError(DynamicTestModule)[MatDialog -> MatDialog]: 
2022-06-10T14:51:22.9765555Z 	  NullInjectorError: No provider for MatDialog!
2022-06-10T14:51:22.9766499Z 	    at NullInjector.get (node_modules/@angular/core/__ivy_ngcc__/fesm2015/core.js:11100:1)
2022-06-10T14:51:22.9767525Z 	    at R3Injector.get (node_modules/@angular/core/__ivy_ngcc__/fesm2015/core.js:11267:1)
2022-06-10T14:51:22.9768554Z 	    at R3Injector.get (node_modules/@angular/core/__ivy_ngcc__/fesm2015/core.js:11267:1)
2022-06-10T14:51:22.9769613Z 	    at NgModuleRef$1.get (node_modules/@angular/core/__ivy_ngcc__/fesm2015/core.js:25365:1)
2022-06-10T14:51:22.9770609Z 	    at Object.get (node_modules/@angular/core/__ivy_ngcc__/fesm2015/core.js:25079:1)
2022-06-10T14:51:22.9771722Z 	    at lookupTokenUsingModuleInjector (node_modules/@angular/core/__ivy_ngcc__/fesm2015/core.js:3342:1)
2022-06-10T14:51:22.9772878Z 	    at getOrCreateInjectable (node_modules/@angular/core/__ivy_ngcc__/fesm